<?xml version="1.0" encoding="UTF-8"?>
<testsuite name="org.zerock.sb2.reply.ReplyRepoTests" tests="1" skipped="0" failures="0" errors="0" timestamp="2025-04-03T02:07:20.097Z" hostname="WIN-FMM3DFPL1S0" time="1.679">
  <properties/>
  <testcase name="testListOfBoardQuerydsl()" classname="org.zerock.sb2.reply.ReplyRepoTests" time="1.679"/>
  <system-out><![CDATA[11:07:13.836 [Test worker] INFO org.springframework.test.context.support.AnnotationConfigContextLoaderUtils -- Could not detect default configuration classes for test class [org.zerock.sb2.reply.ReplyRepoTests]: ReplyRepoTests does not declare any static, non-private, non-final, nested classes annotated with @Configuration.
11:07:13.970 [Test worker] INFO org.springframework.boot.test.context.SpringBootTestContextBootstrapper -- Found @SpringBootConfiguration org.zerock.sb2.Sb2Application for test class org.zerock.sb2.reply.ReplyRepoTests

  .   ____          _            __ _ _
 /\\ / ___'_ __ _ _(_)_ __  __ _ \ \ \ \
( ( )\___ | '_ | '_| | '_ \/ _` | \ \ \ \
 \\/  ___)| |_)| | | | | || (_| |  ) ) ) )
  '  |____| .__|_| |_|_| |_\__, | / / / /
 =========|_|==============|___/=/_/_/_/

 :: Spring Boot ::                (v3.4.4)

2025-04-03T11:07:14.450+09:00  INFO 13192 --- [    Test worker] org.zerock.sb2.reply.ReplyRepoTests      : Starting ReplyRepoTests using Java 17.0.13 with PID 13192 (started by hyeon in C:\springex\sb2)
2025-04-03T11:07:14.450+09:00  INFO 13192 --- [    Test worker] org.zerock.sb2.reply.ReplyRepoTests      : No active profile set, falling back to 1 default profile: "default"
2025-04-03T11:07:15.376+09:00  INFO 13192 --- [    Test worker] .s.d.r.c.RepositoryConfigurationDelegate : Bootstrapping Spring Data JPA repositories in DEFAULT mode.
2025-04-03T11:07:15.472+09:00  INFO 13192 --- [    Test worker] .s.d.r.c.RepositoryConfigurationDelegate : Finished Spring Data repository scanning in 80 ms. Found 3 JPA repository interfaces.
2025-04-03T11:07:16.088+09:00  INFO 13192 --- [    Test worker] o.hibernate.jpa.internal.util.LogHelper  : HHH000204: Processing PersistenceUnitInfo [name: default]
2025-04-03T11:07:16.151+09:00  INFO 13192 --- [    Test worker] org.hibernate.Version                    : HHH000412: Hibernate ORM core version 6.6.11.Final
2025-04-03T11:07:16.175+09:00  INFO 13192 --- [    Test worker] o.h.c.internal.RegionFactoryInitiator    : HHH000026: Second-level cache disabled
2025-04-03T11:07:16.428+09:00  INFO 13192 --- [    Test worker] o.s.o.j.p.SpringPersistenceUnitInfo      : No LoadTimeWeaver setup: ignoring JPA class transformer
2025-04-03T11:07:16.470+09:00  INFO 13192 --- [    Test worker] com.zaxxer.hikari.HikariDataSource       : HikariPool-1 - Starting...
2025-04-03T11:07:16.528+09:00  INFO 13192 --- [    Test worker] com.zaxxer.hikari.pool.HikariPool        : HikariPool-1 - Added connection org.mariadb.jdbc.Connection@303fbc4
2025-04-03T11:07:16.530+09:00  INFO 13192 --- [    Test worker] com.zaxxer.hikari.HikariDataSource       : HikariPool-1 - Start completed.
2025-04-03T11:07:16.578+09:00  INFO 13192 --- [    Test worker] org.hibernate.orm.connections.pooling    : HHH10001005: Database info:
	Database JDBC URL [Connecting through datasource 'HikariDataSource (HikariPool-1)']
	Database driver: undefined/unknown
	Database version: 11.4.4
	Autocommit mode: undefined/unknown
	Isolation level: undefined/unknown
	Minimum pool size: undefined/unknown
	Maximum pool size: undefined/unknown
2025-04-03T11:07:17.296+09:00  INFO 13192 --- [    Test worker] o.h.e.t.j.p.i.JtaPlatformInitiator       : HHH000489: No JTA platform available (set 'hibernate.transaction.jta.platform' to enable JTA platform integration)
2025-04-03T11:07:17.359+09:00  INFO 13192 --- [    Test worker] j.LocalContainerEntityManagerFactoryBean : Initialized JPA EntityManagerFactory for persistence unit 'default'
2025-04-03T11:07:17.675+09:00  INFO 13192 --- [    Test worker] o.s.d.j.r.query.QueryEnhancerFactory     : Hibernate is in classpath; If applicable, HQL parser will be used.
2025-04-03T11:07:18.625+09:00  WARN 13192 --- [    Test worker] JpaBaseConfiguration$JpaWebConfiguration : spring.jpa.open-in-view is enabled by default. Therefore, database queries may be performed during view rendering. Explicitly configure spring.jpa.open-in-view to disable this warning
2025-04-03T11:07:18.659+09:00  INFO 13192 --- [    Test worker] o.s.b.a.w.s.WelcomePageHandlerMapping    : Adding welcome page: class path resource [static/index.html]
2025-04-03T11:07:20.049+09:00  INFO 13192 --- [    Test worker] org.zerock.sb2.reply.ReplyRepoTests      : Started ReplyRepoTests in 5.891 seconds (process running for 7.171)
Hibernate: 
    select
        re1_0.rno,
        re1_0.reply_text,
        re1_0.replyer,
        re1_0.board_bno,
        re1_0.regdate,
        re1_0.moddate 
    from
        tbl_reply re1_0 
    where
        re1_0.board_bno=? 
    order by
        re1_0.rno 
    limit
        ?, ?
Hibernate: 
    select
        count(re1_0.rno) 
    from
        tbl_reply re1_0 
    where
        re1_0.board_bno=?
2025-04-03T11:07:21.721+09:00  INFO 13192 --- [    Test worker] org.zerock.sb2.reply.ReplyRepoTests      : PageResponseDTO(page=1, size=10, total=26, start=1, end=3, prev=false, next=false, dtoList=[ReplyListDTO(rno=1, replyText=댓글이 업데이트 되었습니다, replyer=user00, bno=123, regDate=2025-04-02T13:39:19.612255, modDate=2025-04-02T13:39:19.612255), ReplyListDTO(rno=2, replyText=댓글입니다., replyer=user00, bno=123, regDate=2025-04-02T14:15:42.773182, modDate=2025-04-02T14:15:42.773182), ReplyListDTO(rno=3, replyText=댓글입니다., replyer=user00, bno=123, regDate=2025-04-02T14:15:42.860856, modDate=2025-04-02T14:15:42.860856), ReplyListDTO(rno=4, replyText=댓글입니다., replyer=user00, bno=123, regDate=2025-04-02T14:15:42.864651, modDate=2025-04-02T14:15:42.864651), ReplyListDTO(rno=5, replyText=댓글입니다., replyer=user00, bno=123, regDate=2025-04-02T14:15:42.870468, modDate=2025-04-02T14:15:42.870468), ReplyListDTO(rno=6, replyText=댓글입니다., replyer=user00, bno=123, regDate=2025-04-02T14:15:42.875642, modDate=2025-04-02T14:15:42.875642), ReplyListDTO(rno=7, replyText=댓글입니다., replyer=user00, bno=123, regDate=2025-04-02T14:15:42.879373, modDate=2025-04-02T14:15:42.879373), ReplyListDTO(rno=8, replyText=댓글입니다., replyer=user00, bno=123, regDate=2025-04-02T14:15:42.879373, modDate=2025-04-02T14:15:42.879373), ReplyListDTO(rno=9, replyText=댓글입니다., replyer=user00, bno=123, regDate=2025-04-02T14:15:42.886344, modDate=2025-04-02T14:15:42.886344), ReplyListDTO(rno=10, replyText=댓글입니다., replyer=user00, bno=123, regDate=2025-04-02T14:15:42.890274, modDate=2025-04-02T14:15:42.890274)])
]]></system-out>
  <system-err><![CDATA[]]></system-err>
</testsuite>
